<?xml version="1.0" encoding="UTF-8"?>
<testsuite name="QRCodeApiTest" tests="1" skipped="0" failures="0" errors="0" timestamp="2023-09-19T15:56:51" hostname="the-core" time="1.684">
  <properties/>
  <testcase name="start" classname="QRCodeApiTest" time="1.684"/>
  <system-out><![CDATA[?[1;31m
Start test 1?[0m
?[0;34m
?[0m?[0;34m  .   ____          _            __ _ _
?[0m?[0;34m /\\ / ___'_ __ _ _(_)_ __  __ _ \ \ \ \
?[0m?[0;34m( ( )\___ | '_ | '_| | '_ \/ _` | \ \ \ \
?[0m?[0;34m \\/  ___)| |_)| | | | | || (_| |  ) ) ) )
?[0m?[0;34m  '  |____| .__|_| |_|_| |_\__, | / / / /
?[0m?[0;34m =========|_|==============|___/=/_/_/_/
?[0m?[0;34m :: Spring Boot ::                (v3.0.2)
?[0m?[0;34m
?[0m?[0;34m2023-09-19T19:56:51.701+04:00  INFO 195881 --- [    Test worker] qrcodeapi.Application                    : Starting Application using Java 17.0.6 with PID 195881 (started by alfabravo in /home/alfabravo/IdeaProjects/QRCodeApi/QRCodeApi/stage4)
?[0m?[0;34m2023-09-19T19:56:51.704+04:00  INFO 195881 --- [    Test worker] qrcodeapi.Application                    : No active profile set, falling back to 1 default profile: "default"
?[0m?[0;34m2023-09-19T19:56:52.297+04:00  INFO 195881 --- [    Test worker] o.s.b.w.embedded.tomcat.TomcatWebServer  : Tomcat initialized with port(s): 8080 (http)
?[0m?[0;34m2023-09-19T19:56:52.303+04:00  INFO 195881 --- [    Test worker] o.apache.catalina.core.StandardService   : Starting service [Tomcat]
?[0m?[0;34m2023-09-19T19:56:52.303+04:00  INFO 195881 --- [    Test worker] o.apache.catalina.core.StandardEngine    : Starting Servlet engine: [Apache Tomcat/10.1.5]
?[0m?[0;34m2023-09-19T19:56:52.349+04:00  INFO 195881 --- [    Test worker] o.a.c.c.C.[Tomcat].[localhost].[/]       : Initializing Spring embedded WebApplicationContext
?[0m?[0;34m2023-09-19T19:56:52.351+04:00  INFO 195881 --- [    Test worker] w.s.c.ServletWebServerApplicationContext : Root WebApplicationContext: initialization completed in 621 ms
?[0m?[0;34m2023-09-19T19:56:52.673+04:00  INFO 195881 --- [    Test worker] o.s.b.a.e.web.EndpointLinksResolver      : Exposing 1 endpoint(s) beneath base path '/actuator'
?[0m?[0;34m2023-09-19T19:56:52.702+04:00  INFO 195881 --- [    Test worker] o.s.b.w.embedded.tomcat.TomcatWebServer  : Tomcat started on port(s): 8080 (http) with context path ''
?[0m?[0;34m2023-09-19T19:56:52.711+04:00  INFO 195881 --- [    Test worker] qrcodeapi.Application                    : Started Application in 1.185 seconds (process running for 1.53)
?[0;34m2023-09-19T19:56:52.868+04:00  INFO 195881 --- [nio-8080-exec-1] o.a.c.c.C.[Tomcat].[localhost].[/]       : Initializing Spring DispatcherServlet 'dispatcherServlet'
?[0m?[0;34m2023-09-19T19:56:52.869+04:00  INFO 195881 --- [nio-8080-exec-1] o.s.web.servlet.DispatcherServlet        : Initializing Servlet 'dispatcherServlet'
?[0m?[0;34m2023-09-19T19:56:52.870+04:00  INFO 195881 --- [nio-8080-exec-1] o.s.web.servlet.DispatcherServlet        : Completed initialization in 1 ms
?[0m?[1;31m
Start test 2?[0m
?[1;31m
Start test 3?[0m
?[1;31m
Start test 4?[0m
?[1;31m
Start test 5?[0m
?[1;31m
Start test 6?[0m
?[1;31m
Start test 7?[0m
?[1;31m
Start test 8?[0m
?[1;31m
Start test 9?[0m
?[0;34mRequest: GET /api/qrcode?contents=text+content&size=99&type=gif
?[0m?[1;31m
Start test 10?[0m
?[0;34mRequest: GET /api/qrcode?contents=text+content&size=351&type=png
?[0m?[1;31m
Start test 11?[0m
?[0;34mRequest: GET /api/qrcode?contents=text+content&size=451&type=webp
?[0m?[1;31m
Start test 12?[0m
?[0;34mRequest: GET /api/qrcode?contents=text+content&size=200&type=webp
?[0m?[1;31m
Start test 13?[0m
?[0;34mRequest: GET /api/qrcode?contents=&size=200&type=webp
?[0m?[1;31m
Start test 14?[0m
?[0;34mRequest: GET /api/qrcode?contents=+++&size=500&type=webp
?[0m]]></system-out>
  <system-err><![CDATA[]]></system-err>
</testsuite>
