<?xml version="1.0" encoding="UTF-8"?>
<testsuite name="QRCodeApiTest" tests="1" skipped="0" failures="0" errors="0" timestamp="2023-09-18T07:01:29" hostname="the-core" time="1.666">
  <properties/>
  <testcase name="start" classname="QRCodeApiTest" time="1.666"/>
  <system-out><![CDATA[?[1;31m
Start test 1?[0m
?[0;34m
?[0m?[0;34m  .   ____          _            __ _ _
?[0m?[0;34m /\\ / ___'_ __ _ _(_)_ __  __ _ \ \ \ \
?[0m?[0;34m( ( )\___ | '_ | '_| | '_ \/ _` | \ \ \ \
?[0m?[0;34m \\/  ___)| |_)| | | | | || (_| |  ) ) ) )
?[0m?[0;34m  '  |____| .__|_| |_|_| |_\__, | / / / /
?[0m?[0;34m =========|_|==============|___/=/_/_/_/
?[0m?[0;34m :: Spring Boot ::                (v3.0.2)
?[0m?[0;34m
?[0m?[0;34m2023-09-18T11:01:30.191+04:00  INFO 87185 --- [    Test worker] qrcodeapi.Application                    : Starting Application using Java 17.0.6 with PID 87185 (started by alfabravo in /home/alfabravo/IdeaProjects/QRCodeApi/QRCodeApi/stage2)
?[0m?[0;34m2023-09-18T11:01:30.194+04:00  INFO 87185 --- [    Test worker] qrcodeapi.Application                    : No active profile set, falling back to 1 default profile: "default"
?[0m?[0;34m2023-09-18T11:01:30.860+04:00  INFO 87185 --- [    Test worker] o.s.b.w.embedded.tomcat.TomcatWebServer  : Tomcat initialized with port(s): 8080 (http)
?[0m?[0;34m2023-09-18T11:01:30.867+04:00  INFO 87185 --- [    Test worker] o.apache.catalina.core.StandardService   : Starting service [Tomcat]
?[0m?[0;34m2023-09-18T11:01:30.868+04:00  INFO 87185 --- [    Test worker] o.apache.catalina.core.StandardEngine    : Starting Servlet engine: [Apache Tomcat/10.1.5]
?[0m?[0;34m2023-09-18T11:01:30.920+04:00  INFO 87185 --- [    Test worker] o.a.c.c.C.[Tomcat].[localhost].[/]       : Initializing Spring embedded WebApplicationContext
?[0m?[0;34m2023-09-18T11:01:30.921+04:00  INFO 87185 --- [    Test worker] w.s.c.ServletWebServerApplicationContext : Root WebApplicationContext: initialization completed in 700 ms
?[0m?[0;34m2023-09-18T11:01:31.256+04:00  INFO 87185 --- [    Test worker] o.s.b.a.e.web.EndpointLinksResolver      : Exposing 1 endpoint(s) beneath base path '/actuator'
?[0m?[0;34m2023-09-18T11:01:31.288+04:00  INFO 87185 --- [    Test worker] o.s.b.w.embedded.tomcat.TomcatWebServer  : Tomcat started on port(s): 8080 (http) with context path ''
?[0m?[0;34m2023-09-18T11:01:31.297+04:00  INFO 87185 --- [    Test worker] qrcodeapi.Application                    : Started Application in 1.286 seconds (process running for 1.669)
?[0;34m2023-09-18T11:01:31.461+04:00  INFO 87185 --- [nio-8080-exec-1] o.a.c.c.C.[Tomcat].[localhost].[/]       : Initializing Spring DispatcherServlet 'dispatcherServlet'
?[0m?[0;34m2023-09-18T11:01:31.461+04:00  INFO 87185 --- [nio-8080-exec-1] o.s.web.servlet.DispatcherServlet        : Initializing Servlet 'dispatcherServlet'
?[0m?[0;34m2023-09-18T11:01:31.463+04:00  INFO 87185 --- [nio-8080-exec-1] o.s.web.servlet.DispatcherServlet        : Completed initialization in 1 ms
?[0m?[1;31m
Start test 2?[0m
]]></system-out>
  <system-err><![CDATA[]]></system-err>
</testsuite>
